QRcode/app/build/intermediates/manifest_merge_blame_file/debug/processDebugMainManifest/manifest-merger-blame-debug-report.txt
1<?xml version="1.0" encoding="utf-8"?>
2<manifest xmlns:android="http://schemas.android.com/apk/res/android"
3    package="com.brayner.qrscanner"
4    android:versionCode="1"
5    android:versionName="1.0" >
6
7    <uses-sdk
8        android:minSdkVersion="24"
9        android:targetSdkVersion="36" />
10
11    <uses-feature
11-->src\main\AndroidManifest.xml:5:5-7:36
12        android:name="android.hardware.camera"
12-->src\main\AndroidManifest.xml:6:9-47
13        android:required="false" />
13-->src\main\AndroidManifest.xml:7:9-33
14
15    <uses-permission android:name="android.permission.CAMERA" />
15-->src\main\AndroidManifest.xml:9:5-65
15-->src\main\AndroidManifest.xml:9:22-62
16    <uses-permission
16-->src\main\AndroidManifest.xml:10:5-108
17        android:name="android.permission.WRITE_EXTERNAL_STORAGE"
17-->src\main\AndroidManifest.xml:10:22-78
18        android:maxSdkVersion="28" />
18-->src\main\AndroidManifest.xml:10:79-105
19
20    <permission
20-->[androidx.core:core:1.17.0] AndroidManifest.xml:22:5-24:47
21        android:name="com.brayner.qrscanner.DYNAMIC_RECEIVER_NOT_EXPORTED_PERMISSION"
21-->[androidx.core:core:1.17.0] AndroidManifest.xml:23:9-81
22        android:protectionLevel="signature" />
22-->[androidx.core:core:1.17.0] AndroidManifest.xml:24:9-44
23
24    <uses-permission android:name="com.brayner.qrscanner.DYNAMIC_RECEIVER_NOT_EXPORTED_PERMISSION" /> <!-- Although the *SdkVersion is captured in gradle build files, this is required for non gradle builds -->
24-->[androidx.core:core:1.17.0] AndroidManifest.xml:26:5-97
24-->[androidx.core:core:1.17.0] AndroidManifest.xml:26:22-94
25    <!-- <uses-sdk android:minSdkVersion="14"/> -->
26    <uses-permission android:name="android.permission.ACCESS_NETWORK_STATE" />
26-->[com.google.android.datatransport:transport-backend-cct:2.3.3] AndroidManifest.xml:25:5-79
26-->[com.google.android.datatransport:transport-backend-cct:2.3.3] AndroidManifest.xml:25:22-76
27    <uses-permission android:name="android.permission.INTERNET" />
27-->[com.google.android.datatransport:transport-backend-cct:2.3.3] AndroidManifest.xml:26:5-67
27-->[com.google.android.datatransport:transport-backend-cct:2.3.3] AndroidManifest.xml:26:22-64
28
29    <application
29-->src\main\AndroidManifest.xml:12:5-42:19
30        android:allowBackup="true"
30-->src\main\AndroidManifest.xml:13:9-35
31        android:appComponentFactory="androidx.core.app.CoreComponentFactory"
31-->[androidx.core:core:1.17.0] AndroidManifest.xml:28:18-86
32        android:dataExtractionRules="@xml/data_extraction_rules"
32-->src\main\AndroidManifest.xml:14:9-65
33        android:debuggable="true"
34        android:extractNativeLibs="false"
35        android:fullBackupContent="@xml/backup_rules"
35-->src\main\AndroidManifest.xml:15:9-54
36        android:icon="@drawable/ic_qr_code"
36-->src\main\AndroidManifest.xml:16:9-44
37        android:label="@string/app_name"
37-->src\main\AndroidManifest.xml:17:9-41
38        android:networkSecurityConfig="@xml/network_security_config"
38-->src\main\AndroidManifest.xml:20:9-69
39        android:roundIcon="@drawable/ic_qr_code"
39-->src\main\AndroidManifest.xml:18:9-49
40        android:supportsRtl="true"
40-->src\main\AndroidManifest.xml:19:9-35
41        android:testOnly="true"
42        android:theme="@style/Theme.NewQRcode" >
42-->src\main\AndroidManifest.xml:21:9-47
43        <activity
43-->src\main\AndroidManifest.xml:23:9-32:20
44            android:name="com.brayner.qrscanner.MainActivity"
44-->src\main\AndroidManifest.xml:24:13-41
45            android:exported="true"
45-->src\main\AndroidManifest.xml:25:13-36
46            android:screenOrientation="portrait" >
46-->src\main\AndroidManifest.xml:26:13-49
47            <intent-filter>
47-->src\main\AndroidManifest.xml:27:13-31:29
48                <action android:name="android.intent.action.MAIN" />
48-->src\main\AndroidManifest.xml:28:17-69
48-->src\main\AndroidManifest.xml:28:25-66
49
50                <category android:name="android.intent.category.LAUNCHER" />
50-->src\main\AndroidManifest.xml:30:17-77
50-->src\main\AndroidManifest.xml:30:27-74
51            </intent-filter>
52        </activity>
53
54        <provider
54-->src\main\AndroidManifest.xml:33:9-41:20
55            android:name="androidx.core.content.FileProvider"
55-->src\main\AndroidManifest.xml:34:13-62
56            android:authorities="com.brayner.qrscanner.fileprovider"
56-->src\main\AndroidManifest.xml:35:13-69
57            android:exported="false"
57-->src\main\AndroidManifest.xml:36:13-37
58            android:grantUriPermissions="true" >
58-->src\main\AndroidManifest.xml:37:13-47
59            <meta-data
59-->src\main\AndroidManifest.xml:38:13-40:54
60                android:name="android.support.FILE_PROVIDER_PATHS"
60-->src\main\AndroidManifest.xml:39:17-67
61                android:resource="@xml/file_paths" />
61-->src\main\AndroidManifest.xml:40:17-51
62        </provider>
63
64        <service
64-->[androidx.camera:camera-camera2:1.5.1] AndroidManifest.xml:24:9-33:19
65            android:name="androidx.camera.core.impl.MetadataHolderService"
65-->[androidx.camera:camera-camera2:1.5.1] AndroidManifest.xml:25:13-75
66            android:enabled="false"
66-->[androidx.camera:camera-camera2:1.5.1] AndroidManifest.xml:26:13-36
67            android:exported="false" >
67-->[androidx.camera:camera-camera2:1.5.1] AndroidManifest.xml:27:13-37
68            <meta-data
68-->[androidx.camera:camera-camera2:1.5.1] AndroidManifest.xml:30:13-32:89
69                android:name="androidx.camera.core.impl.MetadataHolderService.DEFAULT_CONFIG_PROVIDER"
69-->[androidx.camera:camera-camera2:1.5.1] AndroidManifest.xml:31:17-103
70                android:value="androidx.camera.camera2.Camera2Config$DefaultProvider" />
70-->[androidx.camera:camera-camera2:1.5.1] AndroidManifest.xml:32:17-86
71        </service>
72        <service
72-->[com.google.android.gms:play-services-mlkit-barcode-scanning:18.3.1] AndroidManifest.xml:9:9-15:19
73            android:name="com.google.mlkit.common.internal.MlKitComponentDiscoveryService"
73-->[com.google.android.gms:play-services-mlkit-barcode-scanning:18.3.1] AndroidManifest.xml:10:13-91
74            android:directBootAware="true"
74-->[com.google.mlkit:common:18.11.0] AndroidManifest.xml:17:13-43
75            android:exported="false" >
75-->[com.google.android.gms:play-services-mlkit-barcode-scanning:18.3.1] AndroidManifest.xml:11:13-37
76            <meta-data
76-->[com.google.android.gms:play-services-mlkit-barcode-scanning:18.3.1] AndroidManifest.xml:12:13-14:85
77                android:name="com.google.firebase.components:com.google.mlkit.vision.barcode.internal.BarcodeRegistrar"
77-->[com.google.android.gms:play-services-mlkit-barcode-scanning:18.3.1] AndroidManifest.xml:13:17-120
78                android:value="com.google.firebase.components.ComponentRegistrar" />
78-->[com.google.android.gms:play-services-mlkit-barcode-scanning:18.3.1] AndroidManifest.xml:14:17-82
79            <meta-data
79-->[com.google.mlkit:vision-common:17.3.0] AndroidManifest.xml:12:13-14:85
80                android:name="com.google.firebase.components:com.google.mlkit.vision.common.internal.VisionCommonRegistrar"
80-->[com.google.mlkit:vision-common:17.3.0] AndroidManifest.xml:13:17-124
81                android:value="com.google.firebase.components.ComponentRegistrar" />
81-->[com.google.mlkit:vision-common:17.3.0] AndroidManifest.xml:14:17-82
82            <meta-data
82-->[com.google.mlkit:common:18.11.0] AndroidManifest.xml:20:13-22:85
83                android:name="com.google.firebase.components:com.google.mlkit.common.internal.CommonComponentRegistrar"
83-->[com.google.mlkit:common:18.11.0] AndroidManifest.xml:21:17-120
84                android:value="com.google.firebase.components.ComponentRegistrar" />
84-->[com.google.mlkit:common:18.11.0] AndroidManifest.xml:22:17-82
85        </service>
86
87        <provider
87-->[com.google.mlkit:common:18.11.0] AndroidManifest.xml:9:9-13:38
88            android:name="com.google.mlkit.common.internal.MlKitInitProvider"
88-->[com.google.mlkit:common:18.11.0] AndroidManifest.xml:10:13-78
89            android:authorities="com.brayner.qrscanner.mlkitinitprovider"
89-->[com.google.mlkit:common:18.11.0] AndroidManifest.xml:11:13-69
90            android:exported="false"
90-->[com.google.mlkit:common:18.11.0] AndroidManifest.xml:12:13-37
91            android:initOrder="99" />
91-->[com.google.mlkit:common:18.11.0] AndroidManifest.xml:13:13-35
92
93        <activity
93-->[com.google.android.gms:play-services-base:18.5.0] AndroidManifest.xml:5:9-173
94            android:name="com.google.android.gms.common.api.GoogleApiActivity"
94-->[com.google.android.gms:play-services-base:18.5.0] AndroidManifest.xml:5:19-85
95            android:exported="false"
95-->[com.google.android.gms:play-services-base:18.5.0] AndroidManifest.xml:5:146-170
96            android:theme="@android:style/Theme.Translucent.NoTitleBar" />
96-->[com.google.android.gms:play-services-base:18.5.0] AndroidManifest.xml:5:86-145
97
98        <meta-data
98-->[com.google.android.gms:play-services-basement:18.4.0] AndroidManifest.xml:6:9-122
99            android:name="com.google.android.gms.version"
99-->[com.google.android.gms:play-services-basement:18.4.0] AndroidManifest.xml:6:20-65
100            android:value="@integer/google_play_services_version" />
100-->[com.google.android.gms:play-services-basement:18.4.0] AndroidManifest.xml:6:66-119
101
102        <provider
102-->[androidx.emoji2:emoji2:1.3.0] AndroidManifest.xml:24:9-32:20
103            android:name="androidx.startup.InitializationProvider"
103-->[androidx.emoji2:emoji2:1.3.0] AndroidManifest.xml:25:13-67
104            android:authorities="com.brayner.qrscanner.androidx-startup"
104-->[androidx.emoji2:emoji2:1.3.0] AndroidManifest.xml:26:13-68
105            android:exported="false" >
105-->[androidx.emoji2:emoji2:1.3.0] AndroidManifest.xml:27:13-37
106            <meta-data
106-->[androidx.emoji2:emoji2:1.3.0] AndroidManifest.xml:29:13-31:52
107                android:name="androidx.emoji2.text.EmojiCompatInitializer"
107-->[androidx.emoji2:emoji2:1.3.0] AndroidManifest.xml:30:17-75
108                android:value="androidx.startup" />
108-->[androidx.emoji2:emoji2:1.3.0] AndroidManifest.xml:31:17-49
109            <meta-data
109-->[androidx.lifecycle:lifecycle-process:2.9.0] AndroidManifest.xml:29:13-31:52
110                android:name="androidx.lifecycle.ProcessLifecycleInitializer"
110-->[androidx.lifecycle:lifecycle-process:2.9.0] AndroidManifest.xml:30:17-78
111                android:value="androidx.startup" />
111-->[androidx.lifecycle:lifecycle-process:2.9.0] AndroidManifest.xml:31:17-49
112            <meta-data
112-->[androidx.profileinstaller:profileinstaller:1.4.0] AndroidManifest.xml:29:13-31:52
113                android:name="androidx.profileinstaller.ProfileInstallerInitializer"
113-->[androidx.profileinstaller:profileinstaller:1.4.0] AndroidManifest.xml:30:17-85
114                android:value="androidx.startup" />
114-->[androidx.profileinstaller:profileinstaller:1.4.0] AndroidManifest.xml:31:17-49
115        </provider>
116
117        <uses-library
117-->[androidx.window:window:1.0.0] AndroidManifest.xml:25:9-27:40
118            android:name="androidx.window.extensions"
118-->[androidx.window:window:1.0.0] AndroidManifest.xml:26:13-54
119            android:required="false" />
119-->[androidx.window:window:1.0.0] AndroidManifest.xml:27:13-37
120        <uses-library
120-->[androidx.window:window:1.0.0] AndroidManifest.xml:28:9-30:40
121            android:name="androidx.window.sidecar"
121-->[androidx.window:window:1.0.0] AndroidManifest.xml:29:13-51
122            android:required="false" />
122-->[androidx.window:window:1.0.0] AndroidManifest.xml:30:13-37
123
124        <receiver
124-->[androidx.profileinstaller:profileinstaller:1.4.0] AndroidManifest.xml:34:9-52:20
125            android:name="androidx.profileinstaller.ProfileInstallReceiver"
125-->[androidx.profileinstaller:profileinstaller:1.4.0] AndroidManifest.xml:35:13-76
126            android:directBootAware="false"
126-->[androidx.profileinstaller:profileinstaller:1.4.0] AndroidManifest.xml:36:13-44
127            android:enabled="true"
127-->[androidx.profileinstaller:profileinstaller:1.4.0] AndroidManifest.xml:37:13-35
128            android:exported="true"
128-->[androidx.profileinstaller:profileinstaller:1.4.0] AndroidManifest.xml:38:13-36
129            android:permission="android.permission.DUMP" >
129-->[androidx.profileinstaller:profileinstaller:1.4.0] AndroidManifest.xml:39:13-57
130            <intent-filter>
130-->[androidx.profileinstaller:profileinstaller:1.4.0] AndroidManifest.xml:40:13-42:29
131                <action android:name="androidx.profileinstaller.action.INSTALL_PROFILE" />
131-->[androidx.profileinstaller:profileinstaller:1.4.0] AndroidManifest.xml:41:17-91
131-->[androidx.profileinstaller:profileinstaller:1.4.0] AndroidManifest.xml:41:25-88
132            </intent-filter>
133            <intent-filter>
133-->[androidx.profileinstaller:profileinstaller:1.4.0] AndroidManifest.xml:43:13-45:29
134                <action android:name="androidx.profileinstaller.action.SKIP_FILE" />
134-->[androidx.profileinstaller:profileinstaller:1.4.0] AndroidManifest.xml:44:17-85
134-->[androidx.profileinstaller:profileinstaller:1.4.0] AndroidManifest.xml:44:25-82
135            </intent-filter>
136            <intent-filter>
136-->[androidx.profileinstaller:profileinstaller:1.4.0] AndroidManifest.xml:46:13-48:29
137                <action android:name="androidx.profileinstaller.action.SAVE_PROFILE" />
137-->[androidx.profileinstaller:profileinstaller:1.4.0] AndroidManifest.xml:47:17-88
137-->[androidx.profileinstaller:profileinstaller:1.4.0] AndroidManifest.xml:47:25-85
138            </intent-filter>
139            <intent-filter>
139-->[androidx.profileinstaller:profileinstaller:1.4.0] AndroidManifest.xml:49:13-51:29
140                <action android:name="androidx.profileinstaller.action.BENCHMARK_OPERATION" />
140-->[androidx.profileinstaller:profileinstaller:1.4.0] AndroidManifest.xml:50:17-95
140-->[androidx.profileinstaller:profileinstaller:1.4.0] AndroidManifest.xml:50:25-92
141            </intent-filter>
142        </receiver>
143
144        <service
144-->[com.google.android.datatransport:transport-backend-cct:2.3.3] AndroidManifest.xml:29:9-35:19
145            android:name="com.google.android.datatransport.runtime.backends.TransportBackendDiscovery"
145-->[com.google.android.datatransport:transport-backend-cct:2.3.3] AndroidManifest.xml:30:13-103
146            android:exported="false" >
146-->[com.google.android.datatransport:transport-backend-cct:2.3.3] AndroidManifest.xml:31:13-37
147            <meta-data
147-->[com.google.android.datatransport:transport-backend-cct:2.3.3] AndroidManifest.xml:32:13-34:39
148                android:name="backend:com.google.android.datatransport.cct.CctBackendFactory"
148-->[com.google.android.datatransport:transport-backend-cct:2.3.3] AndroidManifest.xml:33:17-94
149                android:value="cct" />
149-->[com.google.android.datatransport:transport-backend-cct:2.3.3] AndroidManifest.xml:34:17-36
150        </service>
151        <service
151-->[com.google.android.datatransport:transport-runtime:2.2.6] AndroidManifest.xml:26:9-30:19
152            android:name="com.google.android.datatransport.runtime.scheduling.jobscheduling.JobInfoSchedulerService"
152-->[com.google.android.datatransport:transport-runtime:2.2.6] AndroidManifest.xml:27:13-117
153            android:exported="false"
153-->[com.google.android.datatransport:transport-runtime:2.2.6] AndroidManifest.xml:28:13-37
154            android:permission="android.permission.BIND_JOB_SERVICE" >
154-->[com.google.android.datatransport:transport-runtime:2.2.6] AndroidManifest.xml:29:13-69
155        </service>
156
157        <receiver
157-->[com.google.android.datatransport:transport-runtime:2.2.6] AndroidManifest.xml:32:9-34:40
158            android:name="com.google.android.datatransport.runtime.scheduling.jobscheduling.AlarmManagerSchedulerBroadcastReceiver"
158-->[com.google.android.datatransport:transport-runtime:2.2.6] AndroidManifest.xml:33:13-132
159            android:exported="false" />
159-->[com.google.android.datatransport:transport-runtime:2.2.6] AndroidManifest.xml:34:13-37
160    </application>
161
162</manifest>